Installing and starting Selenium server for local browsers
Selenium server running on port 54670
chrome 61                Beginning tests via http://localhost:8000/components/web-audio/generated-index.html?cli_browser_id=0
chrome failed to maximize
firefox 55               Beginning tests via http://localhost:8000/components/web-audio/generated-index.html?cli_browser_id=1
firefox failed to maximize
chrome 61                ✖ test/web-audio_test.html » web-audio » instantiating the element with default properties works

  expected undefined to equal 'web-audio'
    <unknown> at   Context.<anonymous> at web-audio_test.html:33:0

chrome 61                ✖ test/web-audio_test.html » web-audio » setting a property on the element works

  expected undefined to equal 'new-prop1'
    <unknown> at   Context.<anonymous> at web-audio_test.html:42:0

chrome 61                Tests failed: 2 failed tests
safari 11.0              Beginning tests via http://localhost:8000/components/web-audio/generated-index.html?cli_browser_id=2
safari failed to maximize
firefox 55               ✖ test/web-audio_test.html » web-audio » instantiating the element with default properties works

  expected undefined to equal 'web-audio'
    <unknown> at                             AssertionError at /components/chai/chai.js:5553:0
    <unknown> at   [3]</module.exports/Assertion.prototype.assert at /components/chai/chai.js:206:0
    <unknown> at           [6]</module.exports/assert.equal at /components/chai/chai.js:2277:0
    <unknown> at                                  <unknown> at web-audio_test.html:33:0

firefox 55               ✖ test/web-audio_test.html » web-audio » setting a property on the element works

  expected undefined to equal 'new-prop1'
    <unknown> at                             AssertionError at /components/chai/chai.js:5553:0
    <unknown> at   [3]</module.exports/Assertion.prototype.assert at /components/chai/chai.js:206:0
    <unknown> at           [6]</module.exports/assert.equal at /components/chai/chai.js:2277:0
    <unknown> at                                  <unknown> at web-audio_test.html:42:0

firefox 55               Tests failed: 2 failed tests
safari 11.0              Tests failed: Interrupting

Shutting down. Press ctrl-c again to kill immediately.
safari 11.0              Error code ECONNRESET: Unexpected error. { Error: socket hang up
    at createHangUpError (_http_client.js:302:15)
    at Socket.socketOnEnd (_http_client.js:394:23)
    at emitNone (events.js:91:20)
    at Socket.emit (events.js:188:7)
    at endReadableNT (_stream_readable.js:975:12)
    at _combinedTickCallback (internal/process/next_tick.js:80:11)
    at process._tickCallback (internal/process/next_tick.js:104:9) code: 'ECONNRESET' }
safari 11.0              Failed to quit: { Error: socket hang up
    at createHangUpError (_http_client.js:302:15)
    at Socket.socketOnEnd (_http_client.js:394:23)
    at emitNone (events.js:91:20)
    at Socket.emit (events.js:188:7)
    at endReadableNT (_stream_readable.js:975:12)
    at _combinedTickCallback (internal/process/next_tick.js:80:11)
    at process._tickCallback (internal/process/next_tick.js:104:9) code: 'ECONNRESET' }
